2024-11-01T07:06:34.498Z 0: 

----------------------------------------------
2024-11-01T07:06:34.514Z 1: Discord starting: {"releaseChannel":"stable","version":"0.0.62"}, modulepath: /home/siddharth/.config/discord/0.0.62/modules
2024-11-01T07:06:34.527Z 2: ✅ webContents.created web1 ""
2024-11-01T07:06:34.538Z 3: ✅ window.created win1 "discord"
2024-11-01T07:06:34.815Z 4: ✅ webContents.did-finish-load web1
2024-11-01T07:07:01.635Z 5: ✅ webContents.created web2 ""
2024-11-01T07:07:01.642Z 6: ✅ window.created win2 "Discord"
2024-11-01T07:07:03.250Z 7: ✅ webContents.did-finish-load web2
2024-11-01T07:07:03.400Z 8: window.close win1
2024-11-01T07:07:03.418Z 9: webContents.destroyed web1
2024-11-01T07:07:03.424Z 10: window.closed win1
2024-11-01T07:07:05.517Z 11: ✅ webContents.did-finish-load web2
2024-11-01T07:07:13.189Z 12: window.close win2
2024-11-01T07:13:01.483Z 13: window.close win2
2024-11-01T11:56:18.637Z 0: 

----------------------------------------------
2024-11-01T11:56:18.659Z 1: Discord starting: {"releaseChannel":"stable","version":"0.0.62"}, modulepath: /home/siddharth/.config/discord/0.0.62/modules
2024-11-01T11:56:18.666Z 2: ✅ webContents.created web1 ""
2024-11-01T11:56:18.668Z 3: ✅ window.created win1 "discord"
2024-11-01T11:56:18.975Z 4: ✅ webContents.did-finish-load web1
2024-11-01T11:56:19.892Z 5: ✅ webContents.created web2 ""
2024-11-01T11:56:19.899Z 6: ✅ window.created win2 "Discord"
2024-11-01T11:56:21.901Z 7: ✅ webContents.did-finish-load web2
2024-11-01T11:56:22.003Z 8: window.close win1
2024-11-01T11:56:22.011Z 9: webContents.destroyed web1
2024-11-01T11:56:22.012Z 10: window.closed win1
2024-11-01T11:56:28.682Z 11: window.close win2
2024-11-01T11:57:29.696Z 12: ❌ render-process-gone { reason: 'killed', exitCode: 9 }
2024-11-01T11:57:30.920Z 13: before-quit
